<?xml version="1.0" encoding="UTF-8"?>
<Site BuildName="(empty)"
	BuildStamp="20250911-1120-Experimental"
	Name="(empty)"
	Generator="ctest-4.1.1"
	CompilerName=""
	CompilerVersion=""
	OSName="Linux"
	Hostname="malarkey"
	OSRelease="6.16.4-arch1-1"
	OSVersion="#1 SMP PREEMPT_DYNAMIC Thu, 28 Aug 2025 19:49:53 +0000"
	OSPlatform="x86_64"
	Is64Bits="1"
	VendorString="GenuineIntel"
	VendorID="Intel Corporation"
	FamilyID="6"
	ModelID="191"
	ModelName="13th Gen Intel(R) Core(TM) i5-13400F"
	ProcessorCacheSize="20480"
	NumberOfLogicalCPU="16"
	NumberOfPhysicalCPU="10"
	TotalVirtualMemory="4095"
	TotalPhysicalMemory="64108"
	LogicalProcessorsPerPhysical="1"
	ProcessorClockFrequency="4101.84"
	>
	<Testing>
		<StartDateTime>Sep 13 17:10 CST</StartDateTime>
		<StartTestTime>1757754625</StartTestTime>
		<TestList/>
		<EndDateTime>Sep 13 17:10 CST</EndDateTime>
		<EndTestTime>1757754625</EndTestTime>
		<ElapsedMinutes>0</ElapsedMinutes>
	</Testing>
</Site>
